<?xml version="1.0" encoding="UTF-8"?>
<testng-results skipped="0" failed="1" ignored="0" total="4" passed="3">
  <reporter-output>
  </reporter-output>
  <suite name="Suite" duration-ms="250318" started-at="2020-04-22T19:19:22Z" finished-at="2020-04-22T19:23:32Z">
    <groups>
    </groups>
    <test name="Login with two Data" duration-ms="50649" started-at="2020-04-22T19:19:22Z" finished-at="2020-04-22T19:20:12Z">
      <class name="Academy.HomePage">
        <test-method status="PASS" signature="initialize()[pri:0, instance:Academy.HomePage@609cd4d8]" name="initialize" is-config="true" duration-ms="4570" started-at="2020-04-22T19:19:22Z" finished-at="2020-04-22T19:19:26Z">
          <reporter-output>
          </reporter-output>
        </test-method> <!-- initialize -->
        <test-method status="PASS" signature="loginWithCredentials(java.lang.String, java.lang.String, java.lang.String)[pri:0, instance:Academy.HomePage@609cd4d8]" name="loginWithCredentials" duration-ms="26420" started-at="2020-04-22T19:19:26Z" data-provider="getData" finished-at="2020-04-22T19:19:53Z">
          <params>
            <param index="0">
              <value>
                <![CDATA[nonrestricteduser@correct.com]]>
              </value>
            </param>
            <param index="1">
              <value>
                <![CDATA[correctPassword]]>
              </value>
            </param>
            <param index="2">
              <value>
                <![CDATA[Am a correct User]]>
              </value>
            </param>
          </params>
          <reporter-output>
          </reporter-output>
        </test-method> <!-- loginWithCredentials -->
        <test-method status="PASS" signature="loginWithCredentials(java.lang.String, java.lang.String, java.lang.String)[pri:0, instance:Academy.HomePage@609cd4d8]" name="loginWithCredentials" duration-ms="16342" started-at="2020-04-22T19:19:53Z" data-provider="getData" finished-at="2020-04-22T19:20:09Z">
          <params>
            <param index="0">
              <value>
                <![CDATA[restricteduser@wrong.com]]>
              </value>
            </param>
            <param index="1">
              <value>
                <![CDATA[WrongPassword]]>
              </value>
            </param>
            <param index="2">
              <value>
                <![CDATA[Am a Wrong User]]>
              </value>
            </param>
          </params>
          <reporter-output>
          </reporter-output>
        </test-method> <!-- loginWithCredentials -->
        <test-method status="PASS" signature="CloseBrowser()[pri:0, instance:Academy.HomePage@609cd4d8]" name="CloseBrowser" is-config="true" duration-ms="3283" started-at="2020-04-22T19:20:09Z" finished-at="2020-04-22T19:20:12Z">
          <reporter-output>
          </reporter-output>
        </test-method> <!-- CloseBrowser -->
      </class> <!-- Academy.HomePage -->
    </test> <!-- Login with two Data -->
    <test name="Validating Title" duration-ms="14484" started-at="2020-04-22T19:20:12Z" finished-at="2020-04-22T19:20:27Z">
      <class name="Academy.validateTitle">
        <test-method status="PASS" signature="initialize()[pri:0, instance:Academy.validateTitle@445b295b]" name="initialize" is-config="true" duration-ms="9010" started-at="2020-04-22T19:20:12Z" finished-at="2020-04-22T19:20:21Z">
          <reporter-output>
          </reporter-output>
        </test-method> <!-- initialize -->
        <test-method status="FAIL" signature="textMessage()[pri:0, instance:Academy.validateTitle@445b295b]" name="textMessage" duration-ms="664" started-at="2020-04-22T19:20:21Z" finished-at="2020-04-22T19:20:22Z">
          <exception class="java.lang.AssertionError">
            <message>
              <![CDATA[expected [FEATURED] but found [FEATURED COURSES]]]>
            </message>
            <full-stacktrace>
              <![CDATA[java.lang.AssertionError: expected [FEATURED] but found [FEATURED COURSES]
at org.testng.Assert.fail(Assert.java:96)
at org.testng.Assert.failNotEquals(Assert.java:776)
at org.testng.Assert.assertEqualsImpl(Assert.java:137)
at org.testng.Assert.assertEquals(Assert.java:118)
at org.testng.Assert.assertEquals(Assert.java:453)
at org.testng.Assert.assertEquals(Assert.java:463)
at Academy.validateTitle.textMessage(validateTitle.java:36)
at sun.reflect.NativeMethodAccessorImpl.invoke0(Native Method)
at sun.reflect.NativeMethodAccessorImpl.invoke(NativeMethodAccessorImpl.java:62)
at sun.reflect.DelegatingMethodAccessorImpl.invoke(DelegatingMethodAccessorImpl.java:43)
at java.lang.reflect.Method.invoke(Method.java:498)
at org.testng.internal.MethodInvocationHelper.invokeMethod(MethodInvocationHelper.java:124)
at org.testng.internal.Invoker.invokeMethod(Invoker.java:583)
at org.testng.internal.Invoker.invokeTestMethod(Invoker.java:719)
at org.testng.internal.Invoker.invokeTestMethods(Invoker.java:989)
at org.testng.internal.TestMethodWorker.invokeTestMethods(TestMethodWorker.java:125)
at org.testng.internal.TestMethodWorker.run(TestMethodWorker.java:109)
at org.testng.TestRunner.privateRun(TestRunner.java:648)
at org.testng.TestRunner.run(TestRunner.java:505)
at org.testng.SuiteRunner.runTest(SuiteRunner.java:455)
at org.testng.SuiteRunner.runSequentially(SuiteRunner.java:450)
at org.testng.SuiteRunner.privateRun(SuiteRunner.java:415)
at org.testng.SuiteRunner.run(SuiteRunner.java:364)
at org.testng.SuiteRunnerWorker.runSuite(SuiteRunnerWorker.java:52)
at org.testng.SuiteRunnerWorker.run(SuiteRunnerWorker.java:84)
at org.testng.TestNG.runSuitesSequentially(TestNG.java:1208)
at org.testng.TestNG.runSuitesLocally(TestNG.java:1137)
at org.testng.TestNG.runSuites(TestNG.java:1049)
at org.testng.TestNG.run(TestNG.java:1017)
at org.apache.maven.surefire.testng.TestNGExecutor.run(TestNGExecutor.java:283)
at org.apache.maven.surefire.testng.TestNGXmlTestSuite.execute(TestNGXmlTestSuite.java:75)
at org.apache.maven.surefire.testng.TestNGProvider.invoke(TestNGProvider.java:120)
at org.apache.maven.surefire.booter.ForkedBooter.invokeProviderInSameClassLoader(ForkedBooter.java:386)
at org.apache.maven.surefire.booter.ForkedBooter.runSuitesInProcess(ForkedBooter.java:323)
at org.apache.maven.surefire.booter.ForkedBooter.main(ForkedBooter.java:143)
]]>
            </full-stacktrace>
          </exception> <!-- java.lang.AssertionError -->
          <reporter-output>
          </reporter-output>
        </test-method> <!-- textMessage -->
        <test-method status="PASS" signature="CloseBrowser()[pri:0, instance:Academy.validateTitle@445b295b]" name="CloseBrowser" is-config="true" duration-ms="3195" started-at="2020-04-22T19:20:23Z" finished-at="2020-04-22T19:20:27Z">
          <reporter-output>
          </reporter-output>
        </test-method> <!-- CloseBrowser -->
      </class> <!-- Academy.validateTitle -->
    </test> <!-- Validating Title -->
    <test name="Validating Navigation Bar" duration-ms="185147" started-at="2020-04-22T19:20:27Z" finished-at="2020-04-22T19:23:32Z">
      <class name="Academy.validateNavigationBar">
        <test-method status="PASS" signature="initialize()[pri:0, instance:Academy.validateNavigationBar@c86b9e3]" name="initialize" is-config="true" duration-ms="182219" started-at="2020-04-22T19:20:27Z" finished-at="2020-04-22T19:23:29Z">
          <reporter-output>
          </reporter-output>
        </test-method> <!-- initialize -->
        <test-method status="PASS" signature="navigationBar()[pri:0, instance:Academy.validateNavigationBar@c86b9e3]" name="navigationBar" duration-ms="59" started-at="2020-04-22T19:23:29Z" finished-at="2020-04-22T19:23:29Z">
          <reporter-output>
          </reporter-output>
        </test-method> <!-- navigationBar -->
        <test-method status="PASS" signature="CloseBrowser()[pri:0, instance:Academy.validateNavigationBar@c86b9e3]" name="CloseBrowser" is-config="true" duration-ms="2864" started-at="2020-04-22T19:23:29Z" finished-at="2020-04-22T19:23:32Z">
          <reporter-output>
          </reporter-output>
        </test-method> <!-- CloseBrowser -->
      </class> <!-- Academy.validateNavigationBar -->
    </test> <!-- Validating Navigation Bar -->
  </suite> <!-- Suite -->
</testng-results>
